CNAME
index.html
README.md
.github\workflows\daily_update.yml
articles\ai-bubble-island.html
articles\beyond-tsmc-blockade.html
articles\decoding-diplomatic-speak.html
articles\dual-chokepoint.html
articles\grey-zone-tactics.html
articles\is-taiwan-safe-2026.html
articles\kinmen-frontline-explained.html
articles\macro-big-cycle.html
articles\median-line-explained.html
articles\quantitative-signal.html
articles\semiconductor-supply-chain.html
articles\signal-vs-noise.html
articles\silicon-shield.html
articles\supply-chain-article.html
articles\tracking-military-flights.html
articles\war-games-and-wall-street.html
articles\wealth-inequality-article.html
articles\what-is-an-adiz.html
reports\.keep
reports\report_2026-02-04.html
reports\report_2026-02-05.html
reports\report_2026-02-06.html
reports\report_2026-02-07.html
reports\report_2026-02-08.html
reports\report_2026-02-09.html
reports\report_2026-02-22.html
reports\report_2026-02-23.html
reports\report_2026-02-24.html
reports\report_2026-02-25.html
reports\report_2026-02-26.html
reports\report_2026-02-27.html
reports\report_2026-02-28.html
reports\report_2026-03-01.html
reports\report_2026-03-04.html
reports\report_2026-03-05.html
reports\report_2026-03-06.html
reports\report_2026-03-07.html
reports\report_2026-03-08.html
reports\report_2026-03-09.html
reports\report_2026-03-10.html
reports\report_2026-03-11.html
reports\report_2026-03-12.html
reports\report_2026-03-13.html
reports\report_2026-03-14.html
reports\report_2026-03-15.html
reports\report_2026-03-16.html
reports\report_2026-03-17.html
reports\report_2026-03-18.html
reports\report_2026-03-19.html
reports\report_2026-03-20.html
reports\report_2026-03-21.html
reports\report_2026-03-22.html
reports\report_2026-03-23.html
reports\report_2026-03-24.html
reports\report_2026-03-25.html
reports\report_2026-03-26.html
reports\report_2026-03-27.html
reports\report_2026-03-28.html
reports\report_2026-03-29.html
reports\report_2026-03-30.html
reports\report_2026-03-31.html
reports\report_2026-04-01.html
src\build.py
src\build_ai.py
src\build_fiat.py
src\build_fuel.py
src\build_k_shape.py
src\build_macro.py
src\build_middle_east.py
src\build_orchestrator.py
src\build_sitemap.py
src\build_supply.py
src\export_tree.py
src\screenshot.py
src\send_tweet.py
src\send_webhook.py
src\test_api.py
templates\about.html
templates\ai-bubble.html
templates\ai_template.html
templates\articles.html
templates\contact.html
templates\fiat.html
templates\fiat_template.html
templates\fuel-reserves.html
templates\fuel_template.html
templates\inequality.html
templates\inequality_template.html
templates\macro.html
templates\macro_template.html
templates\middle-east.html
templates\middle_east_template.html
templates\privacy.html
templates\report_template.html
templates\supply-chain.html
templates\supply_template.html
templates\taiwan.html
templates\taiwan_template.html
templates\template.html
src\build.py
src\build_ai.py
src\build_fiat.py
src\build_fuel.py
src\build_k_shape.py
src\build_macro.py
src\build_middle_east.py
src\build_orchestrator.py
src\build_sitemap.py
src\build_supply.py
src\export_tree.py
src\screenshot.py
src\send_tweet.py
src\send_webhook.py
src\test_api.py
templates\about.html
templates\ai-bubble.html
templates\ai_template.html
templates\articles.html
templates\contact.html
templates\fiat.html
templates\fiat_template.html
templates\fuel-reserves.html
templates\fuel_template.html
templates\inequality.html
templates\inequality_template.html
templates\macro.html
templates\macro_template.html
templates\middle-east.html
templates\middle_east_template.html
templates\privacy.html
templates\report_template.html
templates\supply-chain.html
templates\supply_template.html
templates\taiwan.html
templates\taiwan_template.html
templates\template.html
